[debug] [2023-08-09T21:23:27.343Z] ----------------------------------------------------------------------
[debug] [2023-08-09T21:23:27.345Z] Command:       /Users/nadir/.nvm/versions/node/v18.16.0/bin/node /Users/nadir/.nvm/versions/node/v18.16.0/bin/firebase deploy --only hosting
[debug] [2023-08-09T21:23:27.345Z] CLI Version:   12.4.3
[debug] [2023-08-09T21:23:27.345Z] Platform:      darwin
[debug] [2023-08-09T21:23:27.345Z] Node Version:  v18.16.0
[debug] [2023-08-09T21:23:27.346Z] Time:          Wed Aug 09 2023 23:23:27 GMT+0200 (Central European Summer Time)
[debug] [2023-08-09T21:23:27.346Z] ----------------------------------------------------------------------
[debug] 
[debug] [2023-08-09T21:23:27.387Z] > command requires scopes: ["email","openid","https://www.googleapis.com/auth/cloudplatformprojects.readonly","https://www.googleapis.com/auth/firebase","https://www.googleapis.com/auth/cloud-platform"]
[debug] [2023-08-09T21:23:27.387Z] > authorizing via signed-in user (studio66sasu@gmail.com)
[debug] [2023-08-09T21:23:27.387Z] [iam] checking project theiristoken for permissions ["firebase.projects.get","firebasehosting.sites.update"]
[debug] [2023-08-09T21:23:27.388Z] > refreshing access token with scopes: []
[debug] [2023-08-09T21:23:27.389Z] >>> [apiv2][query] POST https://www.googleapis.com/oauth2/v3/token [none]
[debug] [2023-08-09T21:23:27.389Z] >>> [apiv2][body] POST https://www.googleapis.com/oauth2/v3/token [omitted]
[debug] [2023-08-09T21:23:27.478Z] <<< [apiv2][status] POST https://www.googleapis.com/oauth2/v3/token 200
[debug] [2023-08-09T21:23:27.478Z] <<< [apiv2][body] POST https://www.googleapis.com/oauth2/v3/token [omitted]
[debug] [2023-08-09T21:23:27.494Z] >>> [apiv2][query] POST https://cloudresourcemanager.googleapis.com/v1/projects/theiristoken:testIamPermissions [none]
[debug] [2023-08-09T21:23:27.494Z] >>> [apiv2][(partial)header] POST https://cloudresourcemanager.googleapis.com/v1/projects/theiristoken:testIamPermissions x-goog-quota-user=projects/theiristoken
[debug] [2023-08-09T21:23:27.494Z] >>> [apiv2][body] POST https://cloudresourcemanager.googleapis.com/v1/projects/theiristoken:testIamPermissions {"permissions":["firebase.projects.get","firebasehosting.sites.update"]}
[debug] [2023-08-09T21:23:28.111Z] <<< [apiv2][status] POST https://cloudresourcemanager.googleapis.com/v1/projects/theiristoken:testIamPermissions 200
[debug] [2023-08-09T21:23:28.111Z] <<< [apiv2][body] POST https://cloudresourcemanager.googleapis.com/v1/projects/theiristoken:testIamPermissions {"permissions":["firebase.projects.get","firebasehosting.sites.update"]}
[debug] [2023-08-09T21:23:28.113Z] >>> [apiv2][query] GET https://firebase.googleapis.com/v1beta1/projects/theiristoken [none]
[debug] [2023-08-09T21:23:28.365Z] <<< [apiv2][status] GET https://firebase.googleapis.com/v1beta1/projects/theiristoken 200
[debug] [2023-08-09T21:23:28.365Z] <<< [apiv2][body] GET https://firebase.googleapis.com/v1beta1/projects/theiristoken {"projectId":"theiristoken","projectNumber":"5083487111","displayName":"theiristoken","name":"projects/theiristoken","resources":{"hostingSite":"theiristoken"},"state":"ACTIVE","etag":"1_23702d2e-8ddd-4cfd-a191-ba71b2a1698b"}
[debug] [2023-08-09T21:23:30.796Z] defaultcredentials: writing to file /Users/nadir/.config/firebase/studio66sasu_gmail_com_application_default_credentials.json
[debug] [2023-08-09T21:23:30.799Z] >>> [apiv2][query] GET https://firebasehosting.googleapis.com/v1beta1/projects/theiristoken/sites pageToken=&pageSize=10
[debug] [2023-08-09T21:23:31.616Z] <<< [apiv2][status] GET https://firebasehosting.googleapis.com/v1beta1/projects/theiristoken/sites 200
[debug] [2023-08-09T21:23:31.616Z] <<< [apiv2][body] GET https://firebasehosting.googleapis.com/v1beta1/projects/theiristoken/sites {"sites":[{"name":"projects/theiristoken/sites/theiristoken","defaultUrl":"https://theiristoken.web.app","type":"DEFAULT_SITE"}]}
[debug] [2023-08-09T21:23:31.618Z] >>> [apiv2][query] GET https://firebasehosting.googleapis.com/v1beta1/projects/theiristoken/sites 
[debug] [2023-08-09T21:23:32.468Z] <<< [apiv2][status] GET https://firebasehosting.googleapis.com/v1beta1/projects/theiristoken/sites 200
[debug] [2023-08-09T21:23:32.469Z] <<< [apiv2][body] GET https://firebasehosting.googleapis.com/v1beta1/projects/theiristoken/sites {"sites":[{"name":"projects/theiristoken/sites/theiristoken","defaultUrl":"https://theiristoken.web.app","type":"DEFAULT_SITE"}]}
[debug] [2023-08-09T21:23:32.469Z] >>> [apiv2][query] GET https://firebase.googleapis.com/v1beta1/projects/theiristoken/webApps/-/config [none]
[debug] [2023-08-09T21:23:33.238Z] <<< [apiv2][status] GET https://firebase.googleapis.com/v1beta1/projects/theiristoken/webApps/-/config 200
[debug] [2023-08-09T21:23:33.238Z] <<< [apiv2][body] GET https://firebase.googleapis.com/v1beta1/projects/theiristoken/webApps/-/config {"projectId":"theiristoken","appId":"1:5083487111:web:e75910c394f45ce8d89122","storageBucket":"theiristoken.appspot.com","apiKey":"AIzaSyBRd7V3IXtUjLoamAD8rqIKiN-lktzB1d0","authDomain":"theiristoken.firebaseapp.com","messagingSenderId":"5083487111"}
[info] 
   Thank you for trying our early preview of Next.js support on Firebase Hosting.
   During the preview, support is best-effort and breaking changes can be expected. Proceed with caution.

   Documentation: https://firebase.google.com/docs/hosting/frameworks/nextjs
   File a bug: https://github.com/firebase/firebase-tools/issues/new?template=bug_report.md
   Submit a feature request: https://github.com/firebase/firebase-tools/issues/new?template=feature_request.md

   We'd love to learn from you. Express your interest in helping us shape the future of Firebase Hosting: https://goo.gle/41enW5X

[info] info  - Loaded env from /Users/nadir/Documents/tit/mint/.env.local

[info] info  - Linting and checking validity of types...

[info] info  - Creating an optimized production build...

[info] info  - Compiled successfully

[info] info  - Collecting page data...

[info] info  - Generating static pages (0/3)

[info] info  - Generating static pages (3/3)

[info] info  - Finalizing page optimization...

[info] 

[info] Route (pages)                              Size     First Load JS
┌ ○ /                                      243 kB          895 kB
├   /_app                                  0 B             651 kB
├ ○ /404                                   185 B           652 kB
├ λ /api/tally                             0 B             651 kB
└ λ /api/verify                            0 B             651 kB
+ First Load JS shared by all              654 kB
  ├ chunks/framework-ce84985cd166733a.js   45.2 kB
  ├ chunks/main-c153213c7e118941.js        26.9 kB
  ├ chunks/pages/_app-be90f439e0956df1.js  576 kB
  ├ chunks/webpack-74b751020af86bcf.js     2.79 kB
  └ css/4204aeb7da944132.css               2.71 kB

[info] 
λ  (Server)  server-side renders at runtime (uses getInitialProps or getServerSideProps)
○  (Static)  automatically rendered as static HTML (uses no initial props)


[info] Building a Cloud Function to run this application. This is needed due to:
[info]  • non-static route /api/tally
[info]  • non-static route /api/verify
[info] 
[debug] [2023-08-09T21:24:27.432Z] Error: Command failed: npm i --omit dev --no-audit
    at checkExecSyncError (node:child_process:885:11)
    at execSync (node:child_process:957:15)
    at prepareFrameworks (/Users/nadir/.nvm/versions/node/v18.16.0/lib/node_modules/firebase-tools/lib/frameworks/index.js:367:42)
    at async deploy (/Users/nadir/.nvm/versions/node/v18.16.0/lib/node_modules/firebase-tools/lib/deploy/index.js:55:13)
[error] 
[error] Error: An unexpected error has occurred.
